<?xml version="1.0" encoding="UTF-8"?>
<!-- Generated by org.testng.reporters.JUnitXMLReporter -->
<testsuite hostname="Rohans-MBP-2.attlocal.net" ignored="0" name="Default test" tests="2" failures="0" timestamp="2020-06-11T22:17:26 PDT" time="16.996" errors="0">
  <testcase name="loginPageTitleTest" time="0.047" classname="com.salesforce.qa.testcases.LoginPageTest"/>
  <testcase name="loginTest" time="2.969" classname="com.salesforce.qa.testcases.LoginPageTest"/>
</testsuite> <!-- Default test -->
