<?xml version="1.0" encoding="UTF-8"?>
<testng-results skipped="0" failed="1" ignored="0" total="5" passed="4">
  <reporter-output>
  </reporter-output>
  <suite name="LoginSuite" duration-ms="41190" started-at="2020-06-15T10:11:08 PDT" finished-at="2020-06-15T10:11:49 PDT">
    <groups>
    </groups>
    <test name="LoginFunctionality" duration-ms="41190" started-at="2020-06-15T10:11:08 PDT" finished-at="2020-06-15T10:11:49 PDT">
      <class name="com.salesforce.qa.testcases.LoginPageTest">
        <test-method status="PASS" signature="setUp()[pri:0, instance:com.salesforce.qa.testcases.LoginPageTest@50ab56e2]" name="setUp" is-config="true" duration-ms="6970" started-at="2020-06-15T10:11:08 PDT" finished-at="2020-06-15T10:11:15 PDT">
          <reporter-output>
          </reporter-output>
        </test-method> <!-- setUp -->
        <test-method status="PASS" signature="loginPageTitleTest()[pri:1, instance:com.salesforce.qa.testcases.LoginPageTest@50ab56e2]" name="loginPageTitleTest" duration-ms="20" started-at="2020-06-15T10:11:15 PDT" finished-at="2020-06-15T10:11:15 PDT">
          <reporter-output>
          </reporter-output>
        </test-method> <!-- loginPageTitleTest -->
        <test-method status="PASS" signature="tearDown()[pri:0, instance:com.salesforce.qa.testcases.LoginPageTest@50ab56e2]" name="tearDown" is-config="true" duration-ms="149" started-at="2020-06-15T10:11:15 PDT" finished-at="2020-06-15T10:11:15 PDT">
          <reporter-output>
          </reporter-output>
        </test-method> <!-- tearDown -->
        <test-method status="PASS" signature="setUp()[pri:0, instance:com.salesforce.qa.testcases.LoginPageTest@50ab56e2]" name="setUp" is-config="true" duration-ms="6134" started-at="2020-06-15T10:11:15 PDT" finished-at="2020-06-15T10:11:22 PDT">
          <reporter-output>
          </reporter-output>
        </test-method> <!-- setUp -->
        <test-method status="PASS" signature="loginTest(java.lang.String, java.lang.String)[pri:2, instance:com.salesforce.qa.testcases.LoginPageTest@50ab56e2]" name="loginTest" duration-ms="4050" started-at="2020-06-15T10:11:22 PDT" data-provider="getValidLoginTestData" finished-at="2020-06-15T10:11:26 PDT">
          <params>
            <param index="0">
              <value>
                <![CDATA[mitali.k@salesforce.com]]>
              </value>
            </param>
            <param index="1">
              <value>
                <![CDATA[test@123]]>
              </value>
            </param>
          </params>
          <reporter-output>
          </reporter-output>
        </test-method> <!-- loginTest -->
        <test-method status="PASS" signature="tearDown()[pri:0, instance:com.salesforce.qa.testcases.LoginPageTest@50ab56e2]" name="tearDown" is-config="true" duration-ms="163" started-at="2020-06-15T10:11:26 PDT" finished-at="2020-06-15T10:11:26 PDT">
          <reporter-output>
          </reporter-output>
        </test-method> <!-- tearDown -->
        <test-method status="PASS" signature="setUp()[pri:0, instance:com.salesforce.qa.testcases.LoginPageTest@50ab56e2]" name="setUp" is-config="true" duration-ms="6151" started-at="2020-06-15T10:11:26 PDT" finished-at="2020-06-15T10:11:32 PDT">
          <reporter-output>
          </reporter-output>
        </test-method> <!-- setUp -->
        <test-method status="PASS" signature="logintest_invalidCredentials(java.lang.String, java.lang.String)[pri:3, instance:com.salesforce.qa.testcases.LoginPageTest@50ab56e2]" name="logintest_invalidCredentials" duration-ms="1028" started-at="2020-06-15T10:11:32 PDT" data-provider="getInvalidLoginTestData" finished-at="2020-06-15T10:11:33 PDT">
          <params>
            <param index="0">
              <value>
                <![CDATA[mitali.k@salesforce.com]]>
              </value>
            </param>
            <param index="1">
              <value>
                <![CDATA[]]>
              </value>
            </param>
          </params>
          <reporter-output>
          </reporter-output>
        </test-method> <!-- logintest_invalidCredentials -->
        <test-method status="PASS" signature="tearDown()[pri:0, instance:com.salesforce.qa.testcases.LoginPageTest@50ab56e2]" name="tearDown" is-config="true" duration-ms="162" started-at="2020-06-15T10:11:33 PDT" finished-at="2020-06-15T10:11:33 PDT">
          <reporter-output>
          </reporter-output>
        </test-method> <!-- tearDown -->
        <test-method status="PASS" signature="setUp()[pri:0, instance:com.salesforce.qa.testcases.LoginPageTest@50ab56e2]" name="setUp" is-config="true" duration-ms="4588" started-at="2020-06-15T10:11:33 PDT" finished-at="2020-06-15T10:11:38 PDT">
          <reporter-output>
          </reporter-output>
        </test-method> <!-- setUp -->
        <test-method status="PASS" signature="logintest_invalidCredentials(java.lang.String, java.lang.String)[pri:3, instance:com.salesforce.qa.testcases.LoginPageTest@50ab56e2]" name="logintest_invalidCredentials" duration-ms="728" started-at="2020-06-15T10:11:38 PDT" data-provider="getInvalidLoginTestData" finished-at="2020-06-15T10:11:39 PDT">
          <params>
            <param index="0">
              <value>
                <![CDATA[123.0]]>
              </value>
            </param>
            <param index="1">
              <value>
                <![CDATA[22131.0]]>
              </value>
            </param>
          </params>
          <reporter-output>
          </reporter-output>
        </test-method> <!-- logintest_invalidCredentials -->
        <test-method status="PASS" signature="tearDown()[pri:0, instance:com.salesforce.qa.testcases.LoginPageTest@50ab56e2]" name="tearDown" is-config="true" duration-ms="201" started-at="2020-06-15T10:11:39 PDT" finished-at="2020-06-15T10:11:39 PDT">
          <reporter-output>
          </reporter-output>
        </test-method> <!-- tearDown -->
        <test-method status="PASS" signature="setUp()[pri:0, instance:com.salesforce.qa.testcases.LoginPageTest@50ab56e2]" name="setUp" is-config="true" duration-ms="5806" started-at="2020-06-15T10:11:39 PDT" finished-at="2020-06-15T10:11:45 PDT">
          <reporter-output>
          </reporter-output>
        </test-method> <!-- setUp -->
        <test-method status="FAIL" signature="logintest_rememberMe(java.lang.String, java.lang.String)[pri:4, instance:com.salesforce.qa.testcases.LoginPageTest@50ab56e2]" name="logintest_rememberMe" duration-ms="4175" started-at="2020-06-15T10:11:45 PDT" data-provider="getValidLoginTestData" finished-at="2020-06-15T10:11:49 PDT">
          <params>
            <param index="0">
              <value>
                <![CDATA[mitali.k@salesforce.com]]>
              </value>
            </param>
            <param index="1">
              <value>
                <![CDATA[test@123]]>
              </value>
            </param>
          </params>
          <exception class="java.lang.NullPointerException">
            <full-stacktrace>
              <![CDATA[java.lang.NullPointerException
at com.salesforce.qa.utilities.CommonUtilities.takeScreenshotAtEndOfTest(CommonUtilities.java:55)
at com.salesforce.qa.Listener.WebEventListener.onException(WebEventListener.java:59)
at sun.reflect.NativeMethodAccessorImpl.invoke0(Native Method)
at sun.reflect.NativeMethodAccessorImpl.invoke(NativeMethodAccessorImpl.java:62)
at sun.reflect.DelegatingMethodAccessorImpl.invoke(DelegatingMethodAccessorImpl.java:43)
at java.lang.reflect.Method.invoke(Method.java:497)
at org.openqa.selenium.support.events.EventFiringWebDriver.lambda$new$0(EventFiringWebDriver.java:84)
at com.sun.proxy.$Proxy29.onException(Unknown Source)
at org.openqa.selenium.support.events.EventFiringWebDriver.lambda$new$1(EventFiringWebDriver.java:107)
at com.sun.proxy.$Proxy30.findElement(Unknown Source)
at org.openqa.selenium.support.events.EventFiringWebDriver.findElement(EventFiringWebDriver.java:194)
at com.salesforce.qa.pages.LoginPage.logout(LoginPage.java:58)
at com.salesforce.qa.testcases.LoginPageTest.logintest_rememberMe(LoginPageTest.java:72)
at sun.reflect.NativeMethodAccessorImpl.invoke0(Native Method)
at sun.reflect.NativeMethodAccessorImpl.invoke(NativeMethodAccessorImpl.java:62)
at sun.reflect.DelegatingMethodAccessorImpl.invoke(DelegatingMethodAccessorImpl.java:43)
at java.lang.reflect.Method.invoke(Method.java:497)
at org.testng.internal.MethodInvocationHelper.invokeMethod(MethodInvocationHelper.java:134)
at org.testng.internal.TestInvoker.invokeMethod(TestInvoker.java:597)
at org.testng.internal.TestInvoker.invokeTestMethod(TestInvoker.java:173)
at org.testng.internal.MethodRunner.runInSequence(MethodRunner.java:46)
at org.testng.internal.TestInvoker$MethodInvocationAgent.invoke(TestInvoker.java:816)
at org.testng.internal.TestInvoker.invokeTestMethods(TestInvoker.java:146)
at org.testng.internal.TestMethodWorker.invokeTestMethods(TestMethodWorker.java:146)
at org.testng.internal.TestMethodWorker.run(TestMethodWorker.java:128)
at java.util.ArrayList.forEach(ArrayList.java:1249)
at org.testng.TestRunner.privateRun(TestRunner.java:766)
at org.testng.TestRunner.run(TestRunner.java:587)
at org.testng.SuiteRunner.runTest(SuiteRunner.java:384)
at org.testng.SuiteRunner.runSequentially(SuiteRunner.java:378)
at org.testng.SuiteRunner.privateRun(SuiteRunner.java:337)
at org.testng.SuiteRunner.run(SuiteRunner.java:286)
at org.testng.SuiteRunnerWorker.runSuite(SuiteRunnerWorker.java:53)
at org.testng.SuiteRunnerWorker.run(SuiteRunnerWorker.java:96)
at org.testng.TestNG.runSuitesSequentially(TestNG.java:1187)
at org.testng.TestNG.runSuitesLocally(TestNG.java:1109)
at org.testng.TestNG.runSuites(TestNG.java:1039)
at org.testng.TestNG.run(TestNG.java:1007)
at org.apache.maven.surefire.testng.TestNGExecutor.run(TestNGExecutor.java:281)
at org.apache.maven.surefire.testng.TestNGXmlTestSuite.execute(TestNGXmlTestSuite.java:75)
at org.apache.maven.surefire.testng.TestNGProvider.invoke(TestNGProvider.java:121)
at sun.reflect.NativeMethodAccessorImpl.invoke0(Native Method)
at sun.reflect.NativeMethodAccessorImpl.invoke(NativeMethodAccessorImpl.java:62)
at sun.reflect.DelegatingMethodAccessorImpl.invoke(DelegatingMethodAccessorImpl.java:43)
at java.lang.reflect.Method.invoke(Method.java:497)
at org.apache.maven.surefire.util.ReflectionUtils.invokeMethodWithArray2(ReflectionUtils.java:202)
at org.apache.maven.surefire.booter.ProviderFactory$ProviderProxy.invoke(ProviderFactory.java:155)
at org.apache.maven.surefire.booter.ProviderFactory.invokeProvider(ProviderFactory.java:81)
at org.apache.maven.plugin.surefire.InPluginVMSurefireStarter.runSuitesInProcess(InPluginVMSurefireStarter.java:82)
at org.apache.maven.plugin.surefire.AbstractSurefireMojo.executeProvider(AbstractSurefireMojo.java:1010)
at org.apache.maven.plugin.surefire.AbstractSurefireMojo.executeAfterPreconditionsChecked(AbstractSurefireMojo.java:862)
at org.apache.maven.plugin.surefire.AbstractSurefireMojo.execute(AbstractSurefireMojo.java:755)
at org.apache.maven.plugin.DefaultBuildPluginManager.executeMojo(DefaultBuildPluginManager.java:137)
at org.apache.maven.lifecycle.internal.MojoExecutor.execute(MojoExecutor.java:210)
at org.apache.maven.lifecycle.internal.MojoExecutor.execute(MojoExecutor.java:156)
at org.apache.maven.lifecycle.internal.MojoExecutor.execute(MojoExecutor.java:148)
at org.apache.maven.lifecycle.internal.LifecycleModuleBuilder.buildProject(LifecycleModuleBuilder.java:117)
at org.apache.maven.lifecycle.internal.LifecycleModuleBuilder.buildProject(LifecycleModuleBuilder.java:81)
at org.apache.maven.lifecycle.internal.builder.singlethreaded.SingleThreadedBuilder.build(SingleThreadedBuilder.java:56)
at org.apache.maven.lifecycle.internal.LifecycleStarter.execute(LifecycleStarter.java:128)
at org.apache.maven.DefaultMaven.doExecute(DefaultMaven.java:305)
at org.apache.maven.DefaultMaven.doExecute(DefaultMaven.java:192)
at org.apache.maven.DefaultMaven.execute(DefaultMaven.java:105)
at org.apache.maven.cli.MavenCli.execute(MavenCli.java:957)
at org.apache.maven.cli.MavenCli.doMain(MavenCli.java:289)
at org.apache.maven.cli.MavenCli.main(MavenCli.java:193)
at sun.reflect.NativeMethodAccessorImpl.invoke0(Native Method)
at sun.reflect.NativeMethodAccessorImpl.invoke(NativeMethodAccessorImpl.java:62)
at sun.reflect.DelegatingMethodAccessorImpl.invoke(DelegatingMethodAccessorImpl.java:43)
at java.lang.reflect.Method.invoke(Method.java:497)
at org.codehaus.plexus.classworlds.launcher.Launcher.launchEnhanced(Launcher.java:282)
at org.codehaus.plexus.classworlds.launcher.Launcher.launch(Launcher.java:225)
at org.codehaus.plexus.classworlds.launcher.Launcher.mainWithExitCode(Launcher.java:406)
at org.codehaus.plexus.classworlds.launcher.Launcher.main(Launcher.java:347)
]]>
            </full-stacktrace>
          </exception> <!-- java.lang.NullPointerException -->
          <reporter-output>
          </reporter-output>
        </test-method> <!-- logintest_rememberMe -->
        <test-method status="PASS" signature="tearDown()[pri:0, instance:com.salesforce.qa.testcases.LoginPageTest@50ab56e2]" name="tearDown" is-config="true" duration-ms="191" started-at="2020-06-15T10:11:49 PDT" finished-at="2020-06-15T10:11:49 PDT">
          <reporter-output>
          </reporter-output>
        </test-method> <!-- tearDown -->
      </class> <!-- com.salesforce.qa.testcases.LoginPageTest -->
    </test> <!-- LoginFunctionality -->
  </suite> <!-- LoginSuite -->
</testng-results>
