<?xml version="1.0" encoding="UTF-8"?>
<testng-results skipped="0" failed="0" ignored="0" total="5" passed="5">
  <reporter-output>
  </reporter-output>
  <suite name="LoginSuite" duration-ms="43815" started-at="2020-06-15T10:09:20 PDT" finished-at="2020-06-15T10:10:04 PDT">
    <groups>
    </groups>
    <test name="LoginFunctionality" duration-ms="43815" started-at="2020-06-15T10:09:20 PDT" finished-at="2020-06-15T10:10:04 PDT">
      <class name="com.salesforce.qa.testcases.LoginPageTest">
        <test-method status="PASS" signature="setUp()[pri:0, instance:com.salesforce.qa.testcases.LoginPageTest@543c6f6d]" name="setUp" is-config="true" duration-ms="7165" started-at="2020-06-15T10:09:20 PDT" finished-at="2020-06-15T10:09:27 PDT">
          <reporter-output>
          </reporter-output>
        </test-method> <!-- setUp -->
        <test-method status="PASS" signature="loginPageTitleTest()[pri:1, instance:com.salesforce.qa.testcases.LoginPageTest@543c6f6d]" name="loginPageTitleTest" duration-ms="46" started-at="2020-06-15T10:09:27 PDT" finished-at="2020-06-15T10:09:27 PDT">
          <reporter-output>
          </reporter-output>
        </test-method> <!-- loginPageTitleTest -->
        <test-method status="PASS" signature="tearDown()[pri:0, instance:com.salesforce.qa.testcases.LoginPageTest@543c6f6d]" name="tearDown" is-config="true" duration-ms="163" started-at="2020-06-15T10:09:27 PDT" finished-at="2020-06-15T10:09:27 PDT">
          <reporter-output>
          </reporter-output>
        </test-method> <!-- tearDown -->
        <test-method status="PASS" signature="setUp()[pri:0, instance:com.salesforce.qa.testcases.LoginPageTest@543c6f6d]" name="setUp" is-config="true" duration-ms="4359" started-at="2020-06-15T10:09:28 PDT" finished-at="2020-06-15T10:09:32 PDT">
          <reporter-output>
          </reporter-output>
        </test-method> <!-- setUp -->
        <test-method status="PASS" signature="loginTest(java.lang.String, java.lang.String)[pri:2, instance:com.salesforce.qa.testcases.LoginPageTest@543c6f6d]" name="loginTest" duration-ms="954" started-at="2020-06-15T10:09:32 PDT" data-provider="getValidLoginTestData" finished-at="2020-06-15T10:09:33 PDT">
          <params>
            <param index="0">
              <value>
                <![CDATA[mitali.k@salesforce.com]]>
              </value>
            </param>
            <param index="1">
              <value>
                <![CDATA[test@123]]>
              </value>
            </param>
          </params>
          <reporter-output>
          </reporter-output>
        </test-method> <!-- loginTest -->
        <test-method status="PASS" signature="tearDown()[pri:0, instance:com.salesforce.qa.testcases.LoginPageTest@543c6f6d]" name="tearDown" is-config="true" duration-ms="164" started-at="2020-06-15T10:09:33 PDT" finished-at="2020-06-15T10:09:33 PDT">
          <reporter-output>
          </reporter-output>
        </test-method> <!-- tearDown -->
        <test-method status="PASS" signature="setUp()[pri:0, instance:com.salesforce.qa.testcases.LoginPageTest@543c6f6d]" name="setUp" is-config="true" duration-ms="6260" started-at="2020-06-15T10:09:34 PDT" finished-at="2020-06-15T10:09:40 PDT">
          <reporter-output>
          </reporter-output>
        </test-method> <!-- setUp -->
        <test-method status="PASS" signature="logintest_invalidCredentials(java.lang.String, java.lang.String)[pri:3, instance:com.salesforce.qa.testcases.LoginPageTest@543c6f6d]" name="logintest_invalidCredentials" duration-ms="1078" started-at="2020-06-15T10:09:40 PDT" data-provider="getInvalidLoginTestData" finished-at="2020-06-15T10:09:41 PDT">
          <params>
            <param index="0">
              <value>
                <![CDATA[mitali.k@salesforce.com]]>
              </value>
            </param>
            <param index="1">
              <value>
                <![CDATA[]]>
              </value>
            </param>
          </params>
          <reporter-output>
          </reporter-output>
        </test-method> <!-- logintest_invalidCredentials -->
        <test-method status="PASS" signature="tearDown()[pri:0, instance:com.salesforce.qa.testcases.LoginPageTest@543c6f6d]" name="tearDown" is-config="true" duration-ms="171" started-at="2020-06-15T10:09:41 PDT" finished-at="2020-06-15T10:09:41 PDT">
          <reporter-output>
          </reporter-output>
        </test-method> <!-- tearDown -->
        <test-method status="PASS" signature="setUp()[pri:0, instance:com.salesforce.qa.testcases.LoginPageTest@543c6f6d]" name="setUp" is-config="true" duration-ms="4530" started-at="2020-06-15T10:09:41 PDT" finished-at="2020-06-15T10:09:46 PDT">
          <reporter-output>
          </reporter-output>
        </test-method> <!-- setUp -->
        <test-method status="PASS" signature="logintest_invalidCredentials(java.lang.String, java.lang.String)[pri:3, instance:com.salesforce.qa.testcases.LoginPageTest@543c6f6d]" name="logintest_invalidCredentials" duration-ms="1482" started-at="2020-06-15T10:09:46 PDT" data-provider="getInvalidLoginTestData" finished-at="2020-06-15T10:09:47 PDT">
          <params>
            <param index="0">
              <value>
                <![CDATA[123.0]]>
              </value>
            </param>
            <param index="1">
              <value>
                <![CDATA[22131.0]]>
              </value>
            </param>
          </params>
          <reporter-output>
          </reporter-output>
        </test-method> <!-- logintest_invalidCredentials -->
        <test-method status="PASS" signature="tearDown()[pri:0, instance:com.salesforce.qa.testcases.LoginPageTest@543c6f6d]" name="tearDown" is-config="true" duration-ms="281" started-at="2020-06-15T10:09:47 PDT" finished-at="2020-06-15T10:09:47 PDT">
          <reporter-output>
          </reporter-output>
        </test-method> <!-- tearDown -->
        <test-method status="PASS" signature="setUp()[pri:0, instance:com.salesforce.qa.testcases.LoginPageTest@543c6f6d]" name="setUp" is-config="true" duration-ms="6419" started-at="2020-06-15T10:09:47 PDT" finished-at="2020-06-15T10:09:54 PDT">
          <reporter-output>
          </reporter-output>
        </test-method> <!-- setUp -->
        <test-method status="PASS" signature="logintest_rememberMe(java.lang.String, java.lang.String)[pri:4, instance:com.salesforce.qa.testcases.LoginPageTest@543c6f6d]" name="logintest_rememberMe" duration-ms="9711" started-at="2020-06-15T10:09:54 PDT" data-provider="getValidLoginTestData" finished-at="2020-06-15T10:10:04 PDT">
          <params>
            <param index="0">
              <value>
                <![CDATA[mitali.k@salesforce.com]]>
              </value>
            </param>
            <param index="1">
              <value>
                <![CDATA[test@123]]>
              </value>
            </param>
          </params>
          <reporter-output>
          </reporter-output>
        </test-method> <!-- logintest_rememberMe -->
        <test-method status="PASS" signature="tearDown()[pri:0, instance:com.salesforce.qa.testcases.LoginPageTest@543c6f6d]" name="tearDown" is-config="true" duration-ms="205" started-at="2020-06-15T10:10:04 PDT" finished-at="2020-06-15T10:10:04 PDT">
          <reporter-output>
          </reporter-output>
        </test-method> <!-- tearDown -->
      </class> <!-- com.salesforce.qa.testcases.LoginPageTest -->
    </test> <!-- LoginFunctionality -->
  </suite> <!-- LoginSuite -->
</testng-results>
