<?xml version="1.0" encoding="UTF-8"?>
<!-- Generated by org.testng.reporters.JUnitXMLReporter -->
<testsuite hostname="Rohans-MBP-2.attlocal.net" ignored="0" name="LoginFunctionality" tests="5" failures="1" timestamp="2020-06-14T23:59:08 PDT" time="128.825" errors="0">
  <testcase name="loginPageTitleTest" time="1.085" classname="com.salesforce.qa.testcases.LoginPageTest"/>
  <testcase name="loginTest" time="15.47" classname="com.salesforce.qa.testcases.LoginPageTest"/>
  <testcase name="logintest_invalidCredentials" time="3.412" classname="com.salesforce.qa.testcases.LoginPageTest">
    <failure type="java.lang.NullPointerException">
      <![CDATA[java.lang.NullPointerException
at com.salesforce.qa.utilities.CommonUtilities.takeScreenshotAtEndOfTest(CommonUtilities.java:55)
at com.salesforce.qa.Listener.WebEventListener.onException(WebEventListener.java:59)
at org.openqa.selenium.support.events.EventFiringWebDriver.lambda$new$0(EventFiringWebDriver.java:84)
at com.sun.proxy.$Proxy7.onException(Unknown Source)
at org.openqa.selenium.support.events.EventFiringWebDriver.lambda$new$1(EventFiringWebDriver.java:107)
at com.sun.proxy.$Proxy8.findElement(Unknown Source)
at org.openqa.selenium.support.events.EventFiringWebDriver.findElement(EventFiringWebDriver.java:194)
at org.openqa.selenium.support.pagefactory.DefaultElementLocator.findElement(DefaultElementLocator.java:69)
at org.openqa.selenium.support.pagefactory.internal.LocatingElementHandler.invoke(LocatingElementHandler.java:38)
at com.sun.proxy.$Proxy12.getText(Unknown Source)
at com.salesforce.qa.pages.LoginPage.login_invalidCredential(LoginPage.java:45)
at com.salesforce.qa.testcases.LoginPageTest.logintest_invalidCredentials(LoginPageTest.java:62)
at java.util.ArrayList.forEach(ArrayList.java:1249)
... Removed 31 stack frames]]>
    </failure>
  </testcase> <!-- logintest_invalidCredentials -->
  <testcase name="logintest_invalidCredentials" time="1.116" classname="com.salesforce.qa.testcases.LoginPageTest"/>
  <testcase name="logintest_rememberMe" time="16.54" classname="com.salesforce.qa.testcases.LoginPageTest"/>
</testsuite> <!-- LoginFunctionality -->
