<?xml version="1.0" encoding="UTF-8"?>
<!-- Generated by org.testng.reporters.JUnitXMLReporter -->
<testsuite hostname="Rohans-MBP-2.attlocal.net" ignored="0" name="LoginValidData" tests="2" failures="1" timestamp="2020-06-14T12:55:31 PDT" time="19.677" errors="0">
  <testcase name="loginPageTitleTest" time="0.021" classname="com.salesforce.qa.testcases.LoginPageTest"/>
  <testcase name="logintest_rememberMe" time="6.826" classname="com.salesforce.qa.testcases.LoginPageTest">
    <failure type="java.lang.NullPointerException">
      <![CDATA[java.lang.NullPointerException
at com.salesforce.qa.utilities.BrowserUtilities.LogOut(BrowserUtilities.java:25)
at com.salesforce.qa.testcases.LoginPageTest.logintest_rememberMe(LoginPageTest.java:70)
at java.util.ArrayList.forEach(ArrayList.java:1249)
... Removed 27 stack frames]]>
    </failure>
  </testcase> <!-- logintest_rememberMe -->
</testsuite> <!-- LoginValidData -->
