<?xml version="1.0" encoding="UTF-8"?>
<!-- Generated by org.testng.reporters.JUnitXMLReporter -->
<testsuite hostname="Rohans-MBP-2.attlocal.net" ignored="0" name="LoginFunctionality" tests="5" failures="0" timestamp="2020-06-15T16:36:20 PDT" time="10.864" errors="0">
  <testcase name="@BeforeMethod setUp" time="9.501" classname="com.salesforce.qa.testcases.LoginPageTest">
    <failure type="java.lang.NullPointerException">
      <![CDATA[java.lang.NullPointerException
at com.salesforce.qa.utilities.CommonUtilities.takeScreenshotAtEndOfTest(CommonUtilities.java:58)
at com.salesforce.qa.testcases.LoginPageTest.setUp(LoginPageTest.java:33)
at java.util.ArrayList.forEach(ArrayList.java:1249)
... Removed 31 stack frames]]>
    </failure>
  </testcase> <!-- @BeforeMethod setUp -->
  <testcase name="@AfterMethod tearDown" time="-1.592264178966E9" classname="com.salesforce.qa.testcases.LoginPageTest">
    <skipped/>
  </testcase> <!-- @AfterMethod tearDown -->
  <testcase name="@BeforeMethod setUp" time="-1.592264180007E9" classname="com.salesforce.qa.testcases.LoginPageTest">
    <skipped/>
  </testcase> <!-- @BeforeMethod setUp -->
  <testcase name="@AfterMethod tearDown" time="-1.592264180018E9" classname="com.salesforce.qa.testcases.LoginPageTest">
    <skipped/>
  </testcase> <!-- @AfterMethod tearDown -->
  <testcase name="@BeforeMethod setUp" time="-1.592264180098E9" classname="com.salesforce.qa.testcases.LoginPageTest">
    <skipped/>
  </testcase> <!-- @BeforeMethod setUp -->
  <testcase name="@AfterMethod tearDown" time="-1.592264180103E9" classname="com.salesforce.qa.testcases.LoginPageTest">
    <skipped/>
  </testcase> <!-- @AfterMethod tearDown -->
  <testcase name="@BeforeMethod setUp" time="-1.592264180104E9" classname="com.salesforce.qa.testcases.LoginPageTest">
    <skipped/>
  </testcase> <!-- @BeforeMethod setUp -->
  <testcase name="@AfterMethod tearDown" time="-1.592264180113E9" classname="com.salesforce.qa.testcases.LoginPageTest">
    <skipped/>
  </testcase> <!-- @AfterMethod tearDown -->
  <testcase name="@BeforeMethod setUp" time="-1.592264180229E9" classname="com.salesforce.qa.testcases.LoginPageTest">
    <skipped/>
  </testcase> <!-- @BeforeMethod setUp -->
  <testcase name="@AfterMethod tearDown" time="-1.592264180246E9" classname="com.salesforce.qa.testcases.LoginPageTest">
    <skipped/>
  </testcase> <!-- @AfterMethod tearDown -->
  <testcase name="loginPageTitleTest" time="0.0" classname="com.salesforce.qa.testcases.LoginPageTest">
    <skipped/>
  </testcase> <!-- loginPageTitleTest -->
  <testcase name="loginTest" time="0.0" classname="com.salesforce.qa.testcases.LoginPageTest">
    <skipped/>
  </testcase> <!-- loginTest -->
  <testcase name="logintest_invalidCredentials" time="0.0" classname="com.salesforce.qa.testcases.LoginPageTest">
    <skipped/>
  </testcase> <!-- logintest_invalidCredentials -->
  <testcase name="logintest_invalidCredentials" time="0.0" classname="com.salesforce.qa.testcases.LoginPageTest">
    <skipped/>
  </testcase> <!-- logintest_invalidCredentials -->
  <testcase name="logintest_rememberMe" time="0.0" classname="com.salesforce.qa.testcases.LoginPageTest">
    <skipped/>
  </testcase> <!-- logintest_rememberMe -->
</testsuite> <!-- LoginFunctionality -->
