<?xml version="1.0" encoding="UTF-8"?>
<!-- Generated by org.testng.reporters.JUnitXMLReporter -->
<testsuite hostname="Rohans-MBP-2.attlocal.net" ignored="0" name="LoginFunctionality" tests="5" failures="1" timestamp="2020-06-15T10:11:49 PDT" time="41.19" errors="0">
  <testcase name="loginPageTitleTest" time="0.02" classname="com.salesforce.qa.testcases.LoginPageTest"/>
  <testcase name="loginTest" time="4.05" classname="com.salesforce.qa.testcases.LoginPageTest"/>
  <testcase name="logintest_invalidCredentials" time="1.028" classname="com.salesforce.qa.testcases.LoginPageTest"/>
  <testcase name="logintest_invalidCredentials" time="0.728" classname="com.salesforce.qa.testcases.LoginPageTest"/>
  <testcase name="logintest_rememberMe" time="4.175" classname="com.salesforce.qa.testcases.LoginPageTest">
    <failure type="java.lang.NullPointerException">
      <![CDATA[java.lang.NullPointerException
at com.salesforce.qa.utilities.CommonUtilities.takeScreenshotAtEndOfTest(CommonUtilities.java:55)
at com.salesforce.qa.Listener.WebEventListener.onException(WebEventListener.java:59)
at org.openqa.selenium.support.events.EventFiringWebDriver.lambda$new$0(EventFiringWebDriver.java:84)
at com.sun.proxy.$Proxy29.onException(Unknown Source)
at org.openqa.selenium.support.events.EventFiringWebDriver.lambda$new$1(EventFiringWebDriver.java:107)
at com.sun.proxy.$Proxy30.findElement(Unknown Source)
at org.openqa.selenium.support.events.EventFiringWebDriver.findElement(EventFiringWebDriver.java:194)
at com.salesforce.qa.pages.LoginPage.logout(LoginPage.java:58)
at com.salesforce.qa.testcases.LoginPageTest.logintest_rememberMe(LoginPageTest.java:72)
at java.util.ArrayList.forEach(ArrayList.java:1249)
at org.apache.maven.plugin.surefire.InPluginVMSurefireStarter.runSuitesInProcess(InPluginVMSurefireStarter.java:82)
at org.apache.maven.plugin.surefire.AbstractSurefireMojo.executeProvider(AbstractSurefireMojo.java:1010)
at org.apache.maven.plugin.surefire.AbstractSurefireMojo.executeAfterPreconditionsChecked(AbstractSurefireMojo.java:862)
at org.apache.maven.plugin.surefire.AbstractSurefireMojo.execute(AbstractSurefireMojo.java:755)
at org.apache.maven.plugin.DefaultBuildPluginManager.executeMojo(DefaultBuildPluginManager.java:137)
at org.apache.maven.lifecycle.internal.MojoExecutor.execute(MojoExecutor.java:210)
at org.apache.maven.lifecycle.internal.MojoExecutor.execute(MojoExecutor.java:156)
at org.apache.maven.lifecycle.internal.MojoExecutor.execute(MojoExecutor.java:148)
at org.apache.maven.lifecycle.internal.LifecycleModuleBuilder.buildProject(LifecycleModuleBuilder.java:117)
at org.apache.maven.lifecycle.internal.LifecycleModuleBuilder.buildProject(LifecycleModuleBuilder.java:81)
at org.apache.maven.lifecycle.internal.builder.singlethreaded.SingleThreadedBuilder.build(SingleThreadedBuilder.java:56)
at org.apache.maven.lifecycle.internal.LifecycleStarter.execute(LifecycleStarter.java:128)
at org.apache.maven.DefaultMaven.doExecute(DefaultMaven.java:305)
at org.apache.maven.DefaultMaven.doExecute(DefaultMaven.java:192)
at org.apache.maven.DefaultMaven.execute(DefaultMaven.java:105)
at org.apache.maven.cli.MavenCli.execute(MavenCli.java:957)
at org.apache.maven.cli.MavenCli.doMain(MavenCli.java:289)
at org.apache.maven.cli.MavenCli.main(MavenCli.java:193)
at org.codehaus.plexus.classworlds.launcher.Launcher.launchEnhanced(Launcher.java:282)
at org.codehaus.plexus.classworlds.launcher.Launcher.launch(Launcher.java:225)
at org.codehaus.plexus.classworlds.launcher.Launcher.mainWithExitCode(Launcher.java:406)
at org.codehaus.plexus.classworlds.launcher.Launcher.main(Launcher.java:347)
... Removed 42 stack frames]]>
    </failure>
  </testcase> <!-- logintest_rememberMe -->
</testsuite> <!-- LoginFunctionality -->
