<?xml version="1.0" encoding="UTF-8"?>
<!-- Generated by org.testng.reporters.JUnitXMLReporter -->
<testsuite hostname="Rohans-MBP-2.attlocal.net" ignored="0" name="LoginValidData" tests="2" failures="0" timestamp="2020-06-12T18:25:36 PDT" time="12.447" errors="0">
  <testcase name="loginPageTitleTest" time="0.011" classname="com.salesforce.qa.testcases.LoginPageTest"/>
  <testcase name="loginTest" time="0.558" classname="com.salesforce.qa.testcases.LoginPageTest"/>
</testsuite> <!-- LoginValidData -->
