<?xml version="1.0" encoding="UTF-8"?>
<!-- Generated by org.testng.reporters.JUnitXMLReporter -->
<testsuite hostname="Rohans-MBP-2.attlocal.net" ignored="0" name="LoginFunctionality" tests="5" failures="0" timestamp="2020-06-15T00:02:36 PDT" time="46.878" errors="0">
  <testcase name="loginPageTitleTest" time="0.035" classname="com.salesforce.qa.testcases.LoginPageTest"/>
  <testcase name="loginTest" time="3.574" classname="com.salesforce.qa.testcases.LoginPageTest"/>
  <testcase name="logintest_invalidCredentials" time="0.851" classname="com.salesforce.qa.testcases.LoginPageTest"/>
  <testcase name="logintest_invalidCredentials" time="0.927" classname="com.salesforce.qa.testcases.LoginPageTest"/>
  <testcase name="logintest_rememberMe" time="13.711" classname="com.salesforce.qa.testcases.LoginPageTest"/>
</testsuite> <!-- LoginFunctionality -->
